#
# There is insufficient memory for the Java Runtime Environment to continue.
# Native memory allocation (mmap) failed to map 130023424 bytes for Failed to commit area from 0x0000000084400000 to 0x000000008c000000 of length 130023424.
# Possible reasons:
#   The system is out of physical RAM or swap space
#   The process is running with CompressedOops enabled, and the Java Heap may be blocking the growth of the native heap
# Possible solutions:
#   Reduce memory load on the system
#   Increase physical memory or swap space
#   Check if swap backing store is full
#   Decrease Java heap size (-Xmx/-Xms)
#   Decrease number of Java threads
#   Decrease Java thread stack sizes (-Xss)
#   Set larger code cache with -XX:ReservedCodeCacheSize=
# This output file may be truncated or incomplete.
#
#  Out of Memory Error (./src/hotspot/os/windows/os_windows.cpp:3619), pid=17636, tid=10776
#
# JRE version:  (11.0.13+7) (build )
# Java VM: OpenJDK 64-Bit Server VM (11.0.13+7-b1751.19, mixed mode, sharing, tiered, compressed oops, g1 gc, windows-amd64)
# No core dump will be written. Minidumps are not enabled by default on client versions of Windows
#

---------------  S U M M A R Y ------------

Command Line: com.intellij.util.ReadEnv C:\Users\geova\AppData\Local\Temp\intellij-cmd-env.8495058844163579485.tmp

Host: 11th Gen Intel(R) Core(TM) i7-1165G7 @ 2.80GHz, 8 cores, 7G,  Windows 11 , 64 bit Build 22000 (10.0.22000.434)
Time: Mon Jan 17 08:39:51 2022 Hora oficial do Brasil elapsed time: 0.011931 seconds (0d 0h 0m 0s)

---------------  T H R E A D  ---------------

Current thread (0x000002042bfce000):  JavaThread "Unknown thread" [_thread_in_vm, id=10776, stack(0x0000003a41e00000,0x0000003a41f00000)]

Stack: [0x0000003a41e00000,0x0000003a41f00000]
Native frames: (J=compiled Java code, j=interpreted, Vv=VM code, C=native code)
V  [jvm.dll+0x613ada]
V  [jvm.dll+0x799a80]
V  [jvm.dll+0x79b09d]
V  [jvm.dll+0x79b773]
V  [jvm.dll+0x24c4c8]
V  [jvm.dll+0x610b64]
V  [jvm.dll+0x605855]
V  [jvm.dll+0x30aaeb]
V  [jvm.dll+0x30aa5a]
V  [jvm.dll+0x30a932]
V  [jvm.dll+0x30f896]
V  [jvm.dll+0x359293]
V  [jvm.dll+0x359996]
V  [jvm.dll+0x359393]
V  [jvm.dll+0x2e5308]
V  [jvm.dll+0x2e64b7]
V  [jvm.dll+0x7769c7]
V  [jvm.dll+0x7781bc]
V  [jvm.dll+0x366829]
V  [jvm.dll+0x75a52e]
V  [jvm.dll+0x3d4923]
V  [jvm.dll+0x3d6e91]
C  [jli.dll+0x536b]
C  [ucrtbase.dll+0x26c0c]
C  [KERNEL32.DLL+0x154e0]
C  [ntdll.dll+0x485b]


---------------  P R O C E S S  ---------------

Threads class SMR info:
_java_thread_list=0x0000020429e04450, length=0, elements={
}

Java Threads: ( => current thread )

Other Threads:
  0x000002042bfe4800 GCTaskThread "GC Thread#0" [stack: 0x0000003a41f00000,0x0000003a42000000] [id=11304]
  0x000002042c014800 ConcurrentGCThread "G1 Main Marker" [stack: 0x0000003a42000000,0x0000003a42100000] [id=14416]
  0x000002042c016000 ConcurrentGCThread "G1 Conc#0" [stack: 0x0000003a42100000,0x0000003a42200000] [id=6268]

[error occurred during error reporting (printing all threads), id 0xc0000005, EXCEPTION_ACCESS_VIOLATION (0xc0000005) at pc=0x00007ffae7215b77]

VM state:not at safepoint (not fully initialized)

VM Mutex/Monitor currently owned by a thread:  ([mutex/lock_event])
[0x000002042bfcbc00] Heap_lock - owner thread: 0x000002042bfce000

Heap address: 0x0000000084400000, size: 1980 MB, Compressed Oops mode: Non-zero based: 0x0000000084400000
Narrow klass base: 0x0000000000000000, Narrow klass shift: 0

GC Heap History (0 events):
No events

Deoptimization events (0 events):
No events

Classes redefined (0 events):
No events

Internal exceptions (0 events):
No events

Events (1 events):
Event: 0.003 Loaded shared library C:\Program Files\JetBrains\PyCharm 2021.3\jbr\bin\zip.dll


Dynamic libraries:
0x00007ff6a2c90000 - 0x00007ff6a2c9a000 	C:\Program Files\JetBrains\PyCharm 2021.3\jbr\bin\java.exe
0x00007ffb47da0000 - 0x00007ffb47fa7000 	C:\WINDOWS\SYSTEM32\ntdll.dll
0x00007ffb46610000 - 0x00007ffb466cd000 	C:\WINDOWS\System32\KERNEL32.DLL
0x00007ffb45600000 - 0x00007ffb45974000 	C:\WINDOWS\System32\KERNELBASE.dll
0x00007ffb45b20000 - 0x00007ffb45c31000 	C:\WINDOWS\System32\ucrtbase.dll
0x00007ffb14a90000 - 0x00007ffb14aa9000 	C:\Program Files\JetBrains\PyCharm 2021.3\jbr\bin\jli.dll
0x00007ffb45c80000 - 0x00007ffb45e2c000 	C:\WINDOWS\System32\USER32.dll
0x00007ffb45290000 - 0x00007ffb452b6000 	C:\WINDOWS\System32\win32u.dll
0x00007ffb3a490000 - 0x00007ffb3a735000 	C:\WINDOWS\WinSxS\amd64_microsoft.windows.common-controls_6595b64144ccf1df_6.0.22000.120_none_9d947278b86cc467\COMCTL32.dll
0x00007ffb09700000 - 0x00007ffb09717000 	C:\Program Files\JetBrains\PyCharm 2021.3\jbr\bin\VCRUNTIME140.dll
0x00007ffb45e50000 - 0x00007ffb45e79000 	C:\WINDOWS\System32\GDI32.dll
0x00007ffb474c0000 - 0x00007ffb47563000 	C:\WINDOWS\System32\msvcrt.dll
0x00007ffb45980000 - 0x00007ffb45a92000 	C:\WINDOWS\System32\gdi32full.dll
0x00007ffb453f0000 - 0x00007ffb4548d000 	C:\WINDOWS\System32\msvcp_win.dll
0x00007ffb45c40000 - 0x00007ffb45c71000 	C:\WINDOWS\System32\IMM32.DLL
0x00007ffaf1d80000 - 0x00007ffaf1e1d000 	C:\Program Files\JetBrains\PyCharm 2021.3\jbr\bin\msvcp140.dll
0x00007ffae6f20000 - 0x00007ffae7a96000 	C:\Program Files\JetBrains\PyCharm 2021.3\jbr\bin\server\jvm.dll
0x00007ffb47570000 - 0x00007ffb4761e000 	C:\WINDOWS\System32\ADVAPI32.dll
0x00007ffb45ef0000 - 0x00007ffb45f8e000 	C:\WINDOWS\System32\sechost.dll
0x00007ffb464f0000 - 0x00007ffb46610000 	C:\WINDOWS\System32\RPCRT4.dll
0x00007ffb462a0000 - 0x00007ffb462a8000 	C:\WINDOWS\System32\PSAPI.DLL
0x00007ffb3ce40000 - 0x00007ffb3ce4a000 	C:\WINDOWS\SYSTEM32\VERSION.dll
0x00007ffb3d190000 - 0x00007ffb3d1c3000 	C:\WINDOWS\SYSTEM32\WINMM.dll
0x00007ffb2fd10000 - 0x00007ffb2fd19000 	C:\WINDOWS\SYSTEM32\WSOCK32.dll
0x00007ffb47b50000 - 0x00007ffb47bbf000 	C:\WINDOWS\System32\WS2_32.dll
0x00007ffb44480000 - 0x00007ffb44498000 	C:\WINDOWS\SYSTEM32\kernel.appcore.dll
0x00007ffb1dc40000 - 0x00007ffb1dc51000 	C:\Program Files\JetBrains\PyCharm 2021.3\jbr\bin\verify.dll
0x00007ffb42d20000 - 0x00007ffb42f41000 	C:\WINDOWS\SYSTEM32\DBGHELP.DLL
0x00007ffb3bf70000 - 0x00007ffb3bfa1000 	C:\WINDOWS\SYSTEM32\dbgcore.DLL
0x00007ffb45aa0000 - 0x00007ffb45b1f000 	C:\WINDOWS\System32\bcryptPrimitives.dll
0x00007ffb17b40000 - 0x00007ffb17b69000 	C:\Program Files\JetBrains\PyCharm 2021.3\jbr\bin\java.dll
0x00007ffb2f0a0000 - 0x00007ffb2f0ab000 	C:\Program Files\JetBrains\PyCharm 2021.3\jbr\bin\jimage.dll
0x00007ffb13e80000 - 0x00007ffb13e98000 	C:\Program Files\JetBrains\PyCharm 2021.3\jbr\bin\zip.dll

dbghelp: loaded successfully - version: 4.0.5 - missing functions: none
symbol engine: initialized successfully - sym options: 0x614 - pdb path: .;C:\Program Files\JetBrains\PyCharm 2021.3\jbr\bin;C:\WINDOWS\SYSTEM32;C:\WINDOWS\WinSxS\amd64_microsoft.windows.common-controls_6595b64144ccf1df_6.0.22000.120_none_9d947278b86cc467;C:\Program Files\JetBrains\PyCharm 2021.3\jbr\bin\server

VM Arguments:
java_command: com.intellij.util.ReadEnv C:\Users\geova\AppData\Local\Temp\intellij-cmd-env.8495058844163579485.tmp
java_class_path (initial): C:\Program Files\JetBrains\PyCharm 2021.3\lib\util.jar
Launcher Type: SUN_STANDARD

[Global flags]
     intx CICompilerCount                          = 4                                         {product} {ergonomic}
     uint ConcGCThreads                            = 2                                         {product} {ergonomic}
     uint G1ConcRefinementThreads                  = 8                                         {product} {ergonomic}
   size_t G1HeapRegionSize                         = 1048576                                   {product} {ergonomic}
    uintx GCDrainStackTargetSize                   = 64                                        {product} {ergonomic}
   size_t InitialHeapSize                          = 130023424                                 {product} {ergonomic}
   size_t MarkStackSize                            = 4194304                                   {product} {ergonomic}
   size_t MaxHeapSize                              = 2076180480                                {product} {ergonomic}
   size_t MinHeapDeltaBytes                        = 1048576                                   {product} {ergonomic}
    uintx NonNMethodCodeHeapSize                   = 5836300                                {pd product} {ergonomic}
    uintx NonProfiledCodeHeapSize                  = 122910970                              {pd product} {ergonomic}
    uintx ProfiledCodeHeapSize                     = 122910970                              {pd product} {ergonomic}
    uintx ReservedCodeCacheSize                    = 251658240                              {pd product} {ergonomic}
     bool SegmentedCodeCache                       = true                                      {product} {ergonomic}
     bool UseCompressedClassPointers               = true                                 {lp64_product} {ergonomic}
     bool UseCompressedOops                        = true                                 {lp64_product} {ergonomic}
     bool UseG1GC                                  = true                                      {product} {ergonomic}
     bool UseLargePagesIndividualAllocation        = false                                  {pd product} {ergonomic}

Logging:
Log output configuration:
 #0: stdout all=warning uptime,level,tags
 #1: stderr all=off uptime,level,tags

Environment Variables:
PATH=C:\ManagerGlassDes\djangoProject1\Scripts;C:\Program Files (x86)\Common Files\Intel\Shared Libraries\redist\intel64\compiler;C:\Program Files\Common Files\Oracle\Java\javapath;C:\Program Files (x86)\Common Files\Oracle\Java\javapath;C:\WINDOWS\system32;C:\WINDOWS;C:\WINDOWS\System32\Wbem;C:\WINDOWS\System32\WindowsPowerShell\v1.0\;C:\WINDOWS\System32\OpenSSH\;C:\Program Files\PowerShell\7\;C:\Program Files\Git\cmd;C:\Users\geova\AppData\Local\Programs\Python\Python310\Scripts\;C:\Users\geova\AppData\Local\Programs\Python\Python310\;C:\Program Files\MySQL\MySQL Shell 8.0\bin\;C:\Users\geova\AppData\Local\Microsoft\WindowsApps;C:\Users\geova\AppData\Local\Programs\Microsoft VS Code\bin;C:\Program Files\JetBrains\PyCharm 2021.3\bin;;C:\Users\geova\AppData\Local\GitHubDesktop\bin
USERNAME=geova
OS=Windows_NT
PROCESSOR_IDENTIFIER=Intel64 Family 6 Model 140 Stepping 1, GenuineIntel



---------------  S Y S T E M  ---------------

OS: Windows 11 , 64 bit Build 22000 (10.0.22000.434)
OS uptime: 4 days 9:53 hours

CPU:total 8 (initial active 8) (4 cores per cpu, 2 threads per core) family 6 model 140 stepping 1 microcode 0x8a, cmov, cx8, fxsr, mmx, sse, sse2, sse3, ssse3, sse4.1, sse4.2, popcnt, avx, avx2, aes, clmul, erms, 3dnowpref, lzcnt, ht, tsc, tscinvbit, bmi1, bmi2, adx, evex, sha, fma

Memory: 4k page, system-wide physical 7915M (1330M free)
TotalPageFile size 32491M (AvailPageFile size 104M)
current process WorkingSet (physical memory assigned to process): 10M, peak: 10M
current process commit charge ("private bytes"): 60M, peak: 183M

vm_info: OpenJDK 64-Bit Server VM (11.0.13+7-b1751.19) for windows-amd64 JRE (11.0.13+7-b1751.19), built on Nov  9 2021 11:31:28 by "" with MS VC++ 14.0 (VS2015)

END.
